z:\bellel on my mac\google drive\jan term 2021\oop244\workshop\project\ms5\debug\fp.ilk
z:\bellel on my mac\google drive\jan term 2021\oop244\workshop\project\ms5\debug\fp.exe
z:\bellel on my mac\google drive\jan term 2021\oop244\workshop\project\ms5\debug\fp.pdb
z:\bellel on my mac\google drive\jan term 2021\oop244\workshop\project\ms5\debug\vc142.pdb
z:\bellel on my mac\google drive\jan term 2021\oop244\workshop\project\ms5\debug\vc142.idb
z:\bellel on my mac\google drive\jan term 2021\oop244\workshop\project\ms5\debug\utils.obj
z:\bellel on my mac\google drive\jan term 2021\oop244\workshop\project\ms5\debug\triagepatient.obj
z:\bellel on my mac\google drive\jan term 2021\oop244\workshop\project\ms5\debug\time.obj
z:\bellel on my mac\google drive\jan term 2021\oop244\workshop\project\ms5\debug\ticket.obj
z:\bellel on my mac\google drive\jan term 2021\oop244\workshop\project\ms5\debug\patient.obj
z:\bellel on my mac\google drive\jan term 2021\oop244\workshop\project\ms5\debug\menu.obj
z:\bellel on my mac\google drive\jan term 2021\oop244\workshop\project\ms5\debug\ioable.obj
z:\bellel on my mac\google drive\jan term 2021\oop244\workshop\project\ms5\debug\fptester.obj
z:\bellel on my mac\google drive\jan term 2021\oop244\workshop\project\ms5\debug\covidpatient.obj
z:\bellel on my mac\google drive\jan term 2021\oop244\workshop\project\ms5\debug\pretriage.obj
z:\bellel on my mac\google drive\jan term 2021\oop244\workshop\project\ms5\debug\fp.tlog\link.read.1.tlog
z:\bellel on my mac\google drive\jan term 2021\oop244\workshop\project\ms5\debug\fp.tlog\link.command.1.tlog
z:\bellel on my mac\google drive\jan term 2021\oop244\workshop\project\ms5\debug\fp.tlog\link.write.1.tlog
z:\bellel on my mac\google drive\jan term 2021\oop244\workshop\project\ms5\debug\fp.tlog\cl.read.1.tlog
z:\bellel on my mac\google drive\jan term 2021\oop244\workshop\project\ms5\debug\fp.tlog\cl.command.1.tlog
z:\bellel on my mac\google drive\jan term 2021\oop244\workshop\project\ms5\debug\fp.tlog\cl.write.1.tlog
